<component name="libraryTable">
  <library name="junit_platform_launcher">
    <CLASSES>
      <root url="jar://$PROJECT_DIR$/lib/junit_platform_launcher.jar!/" />
    </CLASSES>
    <JAVADOC />
    <SOURCES />
  </library>
</component>