<component name="libraryTable">
  <library name="junit_jupiter_engine">
    <CLASSES>
      <root url="jar://$PROJECT_DIR$/lib/junit_jupiter_engine.jar!/" />
    </CLASSES>
    <JAVADOC />
    <SOURCES />
  </library>
</component>